d:\skola\ood-pa1415-sallad\assignments\assignmentthree\mygame\mygame\debug\vc141.pdb
d:\skola\ood-pa1415-sallad\assignments\assignmentthree\mygame\mygame\debug\vc141.idb
d:\skola\ood-pa1415-sallad\assignments\assignmentthree\mygame\mygame\debug\source.obj
d:\skola\ood-pa1415-sallad\assignments\assignmentthree\mygame\mygame\debug\application.obj
d:\skola\ood-pa1415-sallad\assignments\assignmentthree\mygame\mygame\debug\enemy.obj
d:\skola\ood-pa1415-sallad\assignments\assignmentthree\mygame\mygame\debug\entity.obj
d:\skola\ood-pa1415-sallad\assignments\assignmentthree\mygame\mygame\debug\floor.obj
d:\skola\ood-pa1415-sallad\assignments\assignmentthree\mygame\mygame\debug\game.obj
d:\skola\ood-pa1415-sallad\assignments\assignmentthree\mygame\mygame\debug\gamestatemanager.obj
d:\skola\ood-pa1415-sallad\assignments\assignmentthree\mygame\mygame\debug\inputmanager.obj
d:\skola\ood-pa1415-sallad\assignments\assignmentthree\mygame\mygame\debug\inventory.obj
d:\skola\ood-pa1415-sallad\assignments\assignmentthree\mygame\mygame\debug\item.obj
d:\skola\ood-pa1415-sallad\assignments\assignmentthree\mygame\mygame\debug\main - kopia.obj
d:\skola\ood-pa1415-sallad\assignments\assignmentthree\mygame\mygame\debug\main.obj
d:\skola\ood-pa1415-sallad\assignments\assignmentthree\mygame\mygame\debug\menu.obj
d:\skola\ood-pa1415-sallad\assignments\assignmentthree\mygame\mygame\debug\mob.obj
d:\skola\ood-pa1415-sallad\assignments\assignmentthree\mygame\mygame\debug\nonmoveable.obj
d:\skola\ood-pa1415-sallad\assignments\assignmentthree\mygame\mygame\debug\player.obj
d:\skola\ood-pa1415-sallad\assignments\assignmentthree\mygame\mygame\debug\state.obj
d:\skola\ood-pa1415-sallad\assignments\assignmentthree\mygame\mygame\debug\structure.obj
d:\skola\ood-pa1415-sallad\assignments\assignmentthree\mygame\mygame\debug\test_stack.obj
d:\skola\ood-pa1415-sallad\assignments\assignmentthree\mygame\mygame\debug\cave.obj
d:\skola\ood-pa1415-sallad\assignments\assignmentthree\mygame\mygame\debug\map.obj
d:\skola\ood-pa1415-sallad\assignments\assignmentthree\mygame\mygame\debug\room.obj
d:\skola\ood-pa1415-sallad\assignments\assignmentthree\mygame\mygame\debug\test_twitter.obj
d:\skola\ood-pa1415-sallad\assignments\assignmentthree\mygame\mygame\debug\twitter.obj
d:\skola\ood-pa1415-sallad\assignments\assignmentthree\mygame\debug\mygame.ilk
d:\skola\ood-pa1415-sallad\assignments\assignmentthree\mygame\debug\mygame.exe
d:\skola\ood-pa1415-sallad\assignments\assignmentthree\mygame\debug\mygame.pdb
d:\skola\ood-pa1415-sallad\assignments\assignmentthree\mygame\mygame\debug\boss.obj
d:\skola\ood-pa1415-sallad\assignments\assignmentthree\mygame\mygame\debug\bullet.obj
d:\skola\ood-pa1415-sallad\assignments\assignmentthree\mygame\mygame\debug\enemyctrl.obj
d:\skola\ood-pa1415-sallad\assignments\assignmentthree\mygame\mygame\debug\playerctrl.obj
d:\skola\ood-pa1415-sallad\assignments\assignmentthree\mygame\mygame\debug\repairkit.obj
d:\skola\ood-pa1415-sallad\assignments\assignmentthree\mygame\mygame\debug\ship.obj
d:\skola\ood-pa1415-sallad\assignments\assignmentthree\mygame\mygame\debug\top10.obj
d:\skola\ood-pa1415-sallad\assignments\assignmentthree\mygame\mygame\debug\top10ctrl.obj
d:\skola\ood-pa1415-sallad\assignments\assignmentthree\mygame\mygame\debug\weapon.obj
d:\skola\ood-pa1415-sallad\assignments\assignmentthree\mygame\mygame\debug\vc140.idb
d:\skola\ood-pa1415-sallad\assignments\assignmentthree\mygame\mygame\debug\vc140.pdb
d:\skola\ood-pa1415-sallad\assignments\assignmentthree\mygame\mygame\debug\mygame.tlog\cl.command.1.tlog
d:\skola\ood-pa1415-sallad\assignments\assignmentthree\mygame\mygame\debug\mygame.tlog\cl.read.1.tlog
d:\skola\ood-pa1415-sallad\assignments\assignmentthree\mygame\mygame\debug\mygame.tlog\cl.write.1.tlog
d:\skola\ood-pa1415-sallad\assignments\assignmentthree\mygame\mygame\debug\mygame.tlog\link.command.1.tlog
d:\skola\ood-pa1415-sallad\assignments\assignmentthree\mygame\mygame\debug\mygame.tlog\link.read.1.tlog
d:\skola\ood-pa1415-sallad\assignments\assignmentthree\mygame\mygame\debug\mygame.tlog\link.write.1.tlog
