  main.cpp
twitcurl.lib(twitcurl.obj) : error LNK2038: mismatch detected for '_ITERATOR_DEBUG_LEVEL': value '0' doesn't match value '2' in main.obj
twitcurl.lib(twitcurl.obj) : error LNK2038: mismatch detected for 'RuntimeLibrary': value 'MD_DynamicRelease' doesn't match value 'MTd_StaticDebug' in main.obj
twitcurl.lib(oauthlib.obj) : error LNK2038: mismatch detected for '_ITERATOR_DEBUG_LEVEL': value '0' doesn't match value '2' in main.obj
twitcurl.lib(oauthlib.obj) : error LNK2038: mismatch detected for 'RuntimeLibrary': value 'MD_DynamicRelease' doesn't match value 'MTd_StaticDebug' in main.obj
twitcurl.lib(urlencode.obj) : error LNK2038: mismatch detected for '_ITERATOR_DEBUG_LEVEL': value '0' doesn't match value '2' in main.obj
twitcurl.lib(urlencode.obj) : error LNK2038: mismatch detected for 'RuntimeLibrary': value 'MD_DynamicRelease' doesn't match value 'MTd_StaticDebug' in main.obj
twitcurl.lib(HMAC_SHA1.obj) : error LNK2038: mismatch detected for '_ITERATOR_DEBUG_LEVEL': value '0' doesn't match value '2' in main.obj
twitcurl.lib(HMAC_SHA1.obj) : error LNK2038: mismatch detected for 'RuntimeLibrary': value 'MD_DynamicRelease' doesn't match value 'MTd_StaticDebug' in main.obj
twitcurl.lib(base64.obj) : error LNK2038: mismatch detected for '_ITERATOR_DEBUG_LEVEL': value '0' doesn't match value '2' in main.obj
twitcurl.lib(base64.obj) : error LNK2038: mismatch detected for 'RuntimeLibrary': value 'MD_DynamicRelease' doesn't match value 'MTd_StaticDebug' in main.obj
msvcprt.lib(MSVCP140.dll) : error LNK2005: "void __cdecl std::_Xbad_alloc(void)" (?_Xbad_alloc@std@@YAXXZ) already defined in libcpmtd.lib(xthrow.obj)
msvcprt.lib(MSVCP140.dll) : error LNK2005: "void __cdecl std::_Xlength_error(char const *)" (?_Xlength_error@std@@YAXPBD@Z) already defined in libcpmtd.lib(xthrow.obj)
msvcprt.lib(MSVCP140.dll) : error LNK2005: "void __cdecl std::_Xout_of_range(char const *)" (?_Xout_of_range@std@@YAXPBD@Z) already defined in libcpmtd.lib(xthrow.obj)
msvcprt.lib(MSVCP140.dll) : error LNK2005: "protected: __thiscall std::basic_streambuf<char,struct std::char_traits<char> >::basic_streambuf<char,struct std::char_traits<char> >(void)" (??0?$basic_streambuf@DU?$char_traits@D@std@@@std@@IAE@XZ) already defined in libcpmtd.lib(cout.obj)
msvcprt.lib(MSVCP140.dll) : error LNK2005: "public: virtual __thiscall std::basic_streambuf<char,struct std::char_traits<char> >::~basic_streambuf<char,struct std::char_traits<char> >(void)" (??1?$basic_streambuf@DU?$char_traits@D@std@@@std@@UAE@XZ) already defined in libcpmtd.lib(cout.obj)
msvcprt.lib(MSVCP140.dll) : error LNK2005: "public: int __thiscall std::basic_streambuf<char,struct std::char_traits<char> >::sputc(char)" (?sputc@?$basic_streambuf@DU?$char_traits@D@std@@@std@@QAEHD@Z) already defined in libcpmtd.lib(locale.obj)
msvcprt.lib(MSVCP140.dll) : error LNK2005: "public: virtual __thiscall std::basic_ios<char,struct std::char_traits<char> >::~basic_ios<char,struct std::char_traits<char> >(void)" (??1?$basic_ios@DU?$char_traits@D@std@@@std@@UAE@XZ) already defined in libcpmtd.lib(cout.obj)
msvcprt.lib(MSVCP140.dll) : error LNK2005: "public: void __thiscall std::basic_ios<char,struct std::char_traits<char> >::setstate(int,bool)" (?setstate@?$basic_ios@DU?$char_traits@D@std@@@std@@QAEXH_N@Z) already defined in libcpmtd.lib(cout.obj)
msvcprt.lib(MSVCP140.dll) : error LNK2005: "protected: __thiscall std::basic_ios<char,struct std::char_traits<char> >::basic_ios<char,struct std::char_traits<char> >(void)" (??0?$basic_ios@DU?$char_traits@D@std@@@std@@IAE@XZ) already defined in libcpmtd.lib(cout.obj)
LINK : warning LNK4098: defaultlib 'MSVCRT' conflicts with use of other libs; use /NODEFAULTLIB:library
twitcurl.lib(twitcurl.obj) : warning LNK4217: locally defined symbol __invalid_parameter_noinfo_noreturn imported in function "public: void __thiscall std::basic_string<char,struct std::char_traits<char>,class std::allocator<char> >::_Copy(unsigned int,unsigned int)" (?_Copy@?$basic_string@DU?$char_traits@D@std@@V?$allocator@D@2@@std@@QAEXII@Z)
twitcurl.lib(oauthlib.obj) : warning LNK4049: locally defined symbol __invalid_parameter_noinfo_noreturn imported
twitcurl.lib(urlencode.obj) : warning LNK4049: locally defined symbol __invalid_parameter_noinfo_noreturn imported
twitcurl.lib(base64.obj) : warning LNK4049: locally defined symbol __invalid_parameter_noinfo_noreturn imported
twitcurl.lib(http.obj) : warning LNK4049: locally defined symbol _memchr imported
twitcurl.lib(twitcurl.obj) : warning LNK4217: locally defined symbol _memchr imported in function "public: unsigned int __thiscall std::basic_string<char,struct std::char_traits<char>,class std::allocator<char> >::find(char const *,unsigned int,unsigned int)const " (?find@?$basic_string@DU?$char_traits@D@std@@V?$allocator@D@2@@std@@QBEIPBDII@Z)
twitcurl.lib(oauthlib.obj) : warning LNK4217: locally defined symbol _memchr imported in function __catch$?_Copy@?$basic_string@DU?$char_traits@D@std@@V?$allocator@D@2@@std@@QAEXII@Z$0
twitcurl.lib(base64.obj) : warning LNK4049: locally defined symbol _memchr imported
twitcurl.lib(tftp.obj) : warning LNK4049: locally defined symbol _memchr imported
twitcurl.lib(url.obj) : warning LNK4049: locally defined symbol _memmove imported
twitcurl.lib(cookie.obj) : warning LNK4049: locally defined symbol _memmove imported
twitcurl.lib(imap.obj) : warning LNK4049: locally defined symbol _memmove imported
twitcurl.lib(http.obj) : warning LNK4049: locally defined symbol _memmove imported
twitcurl.lib(twitcurl.obj) : warning LNK4217: locally defined symbol _memmove imported in function "public: void __thiscall std::basic_string<char,struct std::char_traits<char>,class std::allocator<char> >::_Assign_rv(class std::basic_string<char,struct std::char_traits<char>,class std::allocator<char> > &&)" (?_Assign_rv@?$basic_string@DU?$char_traits@D@std@@V?$allocator@D@2@@std@@QAEX$$QAV12@@Z)
twitcurl.lib(oauthlib.obj) : warning LNK4049: locally defined symbol _memmove imported
twitcurl.lib(urlencode.obj) : warning LNK4049: locally defined symbol _memmove imported
twitcurl.lib(base64.obj) : warning LNK4049: locally defined symbol _memmove imported
twitcurl.lib(twitcurl.obj) : warning LNK4217: locally defined symbol _free imported in function "public: __thiscall twitCurl::~twitCurl(void)" (??1twitCurl@@QAE@XZ)
twitcurl.lib(easy.obj) : warning LNK4049: locally defined symbol _free imported
twitcurl.lib(twitcurl.obj) : warning LNK4217: locally defined symbol _malloc imported in function "public: __thiscall twitCurl::twitCurl(void)" (??0twitCurl@@QAE@XZ)
twitcurl.lib(easy.obj) : warning LNK4049: locally defined symbol _malloc imported
twitcurl.lib(oauthlib.obj) : warning LNK4217: locally defined symbol ___stdio_common_vsprintf imported in function _sprintf
twitcurl.lib(SHA1.obj) : warning LNK4049: locally defined symbol ___stdio_common_vsprintf imported
twitcurl.lib(easy.obj) : warning LNK4217: locally defined symbol _calloc imported in function _curl_global_init
twitcurl.lib(easy.obj) : warning LNK4217: locally defined symbol _strdup imported in function _curl_global_init
OLDNAMES.lib(strdup.obi) : warning LNK4049: locally defined symbol _strdup imported
twitcurl.lib(easy.obj) : warning LNK4217: locally defined symbol _realloc imported in function _curl_global_init
twitcurl.lib(netrc.obj) : warning LNK4049: locally defined symbol _fclose imported
twitcurl.lib(formdata.obj) : warning LNK4049: locally defined symbol _fclose imported
twitcurl.lib(SHA1.obj) : warning LNK4217: locally defined symbol _fclose imported in function "public: bool __thiscall CSHA1::HashFile(char *)" (?HashFile@CSHA1@@QAE_NPAD@Z)
twitcurl.lib(cookie.obj) : warning LNK4217: locally defined symbol _fclose imported in function _Curl_cookie_add
twitcurl.lib(ssluse.obj) : warning LNK4049: locally defined symbol _fclose imported
twitcurl.lib(http.obj) : warning LNK4049: locally defined symbol _fclose imported
twitcurl.lib(SHA1.obj) : warning LNK4217: locally defined symbol _fseek imported in function "public: bool __thiscall CSHA1::HashFile(char *)" (?HashFile@CSHA1@@QAE_NPAD@Z)
twitcurl.lib(transfer.obj) : warning LNK4049: locally defined symbol _fseek imported
twitcurl.lib(SHA1.obj) : warning LNK4217: locally defined symbol _ftell imported in function "public: bool __thiscall CSHA1::HashFile(char *)" (?HashFile@CSHA1@@QAE_NPAD@Z)
twitcurl.lib(curl_fnmatch.obj) : warning LNK4049: locally defined symbol _isalnum imported
twitcurl.lib(base64.obj) : warning LNK4217: locally defined symbol _isalnum imported in function "class std::basic_string<char,struct std::char_traits<char>,class std::allocator<char> > __cdecl base64_decode(class std::basic_string<char,struct std::char_traits<char>,class std::allocator<char> > const &)" (?base64_decode@@YA?AV?$basic_string@DU?$char_traits@D@std@@V?$allocator@D@2@@std@@ABV12@@Z)
twitcurl.lib(rtsp.obj) : warning LNK4217: locally defined symbol _isalnum imported in function _rtsp_do
twitcurl.lib(parsedate.obj) : warning LNK4049: locally defined symbol _isalnum imported
twitcurl.lib(ftplistparser.obj) : warning LNK4049: locally defined symbol _isalnum imported
twitcurl.lib(asyn-thread.obj) : warning LNK4217: locally defined symbol __errno imported in function _init_resolve_thread
twitcurl.lib(ftplistparser.obj) : warning LNK4217: locally defined symbol __errno imported in function _Curl_ftp_parselist
twitcurl.lib(hostip.obj) : warning LNK4217: locally defined symbol _tolower imported in function _create_hostcache_id
twitcurl.lib(url.obj) : warning LNK4217: locally defined symbol _tolower imported in function _Curl_freeset
twitcurl.lib(url.obj) : warning LNK4217: locally defined symbol _fwrite imported in function _Curl_init_userdefined
twitcurl.lib(sendf.obj) : warning LNK4049: locally defined symbol _fwrite imported
twitcurl.lib(formdata.obj) : warning LNK4049: locally defined symbol _strchr imported
twitcurl.lib(curl_ntlm_msgs.obj) : warning LNK4049: locally defined symbol _strchr imported
twitcurl.lib(strtok.obj) : warning LNK4049: locally defined symbol _strchr imported
twitcurl.lib(hostcheck.obj) : warning LNK4049: locally defined symbol _strchr imported
twitcurl.lib(curl_gethostname.obj) : warning LNK4049: locally defined symbol _strchr imported
twitcurl.lib(ftplistparser.obj) : warning LNK4049: locally defined symbol _strchr imported
twitcurl.lib(http.obj) : warning LNK4049: locally defined symbol _strchr imported
twitcurl.lib(http_digest.obj) : warning LNK4049: locally defined symbol _strchr imported
twitcurl.lib(transfer.obj) : warning LNK4049: locally defined symbol _strchr imported
twitcurl.lib(pipeline.obj) : warning LNK4049: locally defined symbol _strchr imported
twitcurl.lib(file.obj) : warning LNK4049: locally defined symbol _strchr imported
twitcurl.lib(ldap.obj) : warning LNK4049: locally defined symbol _strchr imported
twitcurl.lib(dict.obj) : warning LNK4049: locally defined symbol _strchr imported
twitcurl.lib(ftp.obj) : warning LNK4217: locally defined symbol _strchr imported in function _ftp_state_user_resp
twitcurl.lib(url.obj) : warning LNK4217: locally defined symbol _strchr imported in function _check_noproxy
twitcurl.lib(cookie.obj) : warning LNK4049: locally defined symbol _strchr imported
twitcurl.lib(connect.obj) : warning LNK4049: locally defined symbol _strchr imported
twitcurl.lib(inet_pton.obj) : warning LNK4049: locally defined symbol _strchr imported
twitcurl.lib(url.obj) : warning LNK4217: locally defined symbol _strtoul imported in function _parse_remote_port
twitcurl.lib(ftp.obj) : warning LNK4217: locally defined symbol _strtoul imported in function _ftp_range
twitcurl.lib(escape.obj) : warning LNK4049: locally defined symbol _strtoul imported
twitcurl.lib(http_chunks.obj) : warning LNK4049: locally defined symbol _strtoul imported
twitcurl.lib(transfer.obj) : warning LNK4049: locally defined symbol _strrchr imported
twitcurl.lib(formdata.obj) : warning LNK4049: locally defined symbol _strrchr imported
twitcurl.lib(url.obj) : warning LNK4217: locally defined symbol _strrchr imported in function _parse_remote_port
twitcurl.lib(cookie.obj) : warning LNK4049: locally defined symbol _strrchr imported
twitcurl.lib(strerror.obj) : warning LNK4217: locally defined symbol _strrchr imported in function _curl_multi_strerror
twitcurl.lib(ftp.obj) : warning LNK4217: locally defined symbol _strrchr imported in function _Curl_ftpsendf
twitcurl.lib(ftplistparser.obj) : warning LNK4049: locally defined symbol _strtol imported
twitcurl.lib(tftp.obj) : warning LNK4049: locally defined symbol _strtol imported
twitcurl.lib(ftp.obj) : warning LNK4049: locally defined symbol _strtol imported
twitcurl.lib(pipeline.obj) : warning LNK4049: locally defined symbol _strtol imported
twitcurl.lib(parsedate.obj) : warning LNK4049: locally defined symbol _strtol imported
twitcurl.lib(url.obj) : warning LNK4217: locally defined symbol _strtol imported in function _parse_proxy
twitcurl.lib(cookie.obj) : warning LNK4049: locally defined symbol _strtol imported
twitcurl.lib(mprintf.obj) : warning LNK4049: locally defined symbol _strtol imported
twitcurl.lib(smtp.obj) : warning LNK4049: locally defined symbol _strtol imported
twitcurl.lib(url.obj) : warning LNK4217: locally defined symbol _isxdigit imported in function _parse_proxy
twitcurl.lib(escape.obj) : warning LNK4049: locally defined symbol _isxdigit imported
twitcurl.lib(curl_fnmatch.obj) : warning LNK4049: locally defined symbol _isxdigit imported
twitcurl.lib(http.obj) : warning LNK4049: locally defined symbol __strtoi64 imported
twitcurl.lib(http_proxy.obj) : warning LNK4217: locally defined symbol __strtoi64 imported in function _Curl_proxyCONNECT
twitcurl.lib(ftplistparser.obj) : warning LNK4217: locally defined symbol __strtoi64 imported in function _Curl_ftp_parselist
twitcurl.lib(cookie.obj) : warning LNK4217: locally defined symbol __strtoi64 imported in function _Curl_cookie_add
twitcurl.lib(imap.obj) : warning LNK4217: locally defined symbol __strtoi64 imported in function _imap_endofresp
twitcurl.lib(file.obj) : warning LNK4217: locally defined symbol __strtoi64 imported in function _file_do
twitcurl.lib(ftp.obj) : warning LNK4217: locally defined symbol __strtoi64 imported in function _ftp_timeleft_accept
twitcurl.lib(cookie.obj) : warning LNK4217: locally defined symbol _qsort imported in function _Curl_cookie_getlist
twitcurl.lib(connect.obj) : warning LNK4217: locally defined symbol _atoi imported in function _bindlocal
twitcurl.lib(telnet.obj) : warning LNK4049: locally defined symbol _atoi imported
twitcurl.lib(http.obj) : warning LNK4049: locally defined symbol _isdigit imported
twitcurl.lib(parsedate.obj) : warning LNK4049: locally defined symbol _isdigit imported
twitcurl.lib(ftplistparser.obj) : warning LNK4217: locally defined symbol _isdigit imported in function _Curl_ftp_parselist_data_free
twitcurl.lib(curl_fnmatch.obj) : warning LNK4049: locally defined symbol _isdigit imported
twitcurl.lib(mprintf.obj) : warning LNK4217: locally defined symbol _isdigit imported in function _dprintf_DollarString
twitcurl.lib(smtp.obj) : warning LNK4049: locally defined symbol _isdigit imported
twitcurl.lib(imap.obj) : warning LNK4049: locally defined symbol _isdigit imported
twitcurl.lib(ftp.obj) : warning LNK4049: locally defined symbol _isdigit imported
twitcurl.lib(mprintf.obj) : warning LNK4217: locally defined symbol _sprintf imported in function _dprintf_formatf
twitcurl.lib(mprintf.obj) : warning LNK4217: locally defined symbol _fputc imported in function _curl_mprintf
twitcurl.lib(progress.obj) : warning LNK4217: locally defined symbol _fflush imported in function _Curl_pgrsUpdate
twitcurl.lib(http_digest.obj) : warning LNK4049: locally defined symbol _isspace imported
twitcurl.lib(curl_ntlm.obj) : warning LNK4049: locally defined symbol _isspace imported
twitcurl.lib(ftplistparser.obj) : warning LNK4049: locally defined symbol _isspace imported
twitcurl.lib(curl_fnmatch.obj) : warning LNK4049: locally defined symbol _isspace imported
twitcurl.lib(rtsp.obj) : warning LNK4217: locally defined symbol _isspace imported in function _Curl_rtsp_parseheader
twitcurl.lib(file.obj) : warning LNK4049: locally defined symbol _isspace imported
twitcurl.lib(ftp.obj) : warning LNK4049: locally defined symbol _isspace imported
twitcurl.lib(http.obj) : warning LNK4049: locally defined symbol _isspace imported
twitcurl.lib(file.obj) : warning LNK4217: locally defined symbol __lseeki64 imported in function _file_do
twitcurl.lib(getenv.obj) : warning LNK4217: locally defined symbol _getenv imported in function _GetEnv
twitcurl.lib(parsedate.obj) : warning LNK4217: locally defined symbol _isalpha imported in function _parsedate
twitcurl.lib(curl_fnmatch.obj) : warning LNK4049: locally defined symbol _isalpha imported
twitcurl.lib(curl_fnmatch.obj) : warning LNK4217: locally defined symbol _islower imported in function _parsekeyword
twitcurl.lib(curl_fnmatch.obj) : warning LNK4217: locally defined symbol _isupper imported in function _setcharset
twitcurl.lib(curl_fnmatch.obj) : warning LNK4217: locally defined symbol _isprint imported in function _setcharset
twitcurl.lib(curl_fnmatch.obj) : warning LNK4217: locally defined symbol _isgraph imported in function _loop
OLDNAMES.lib(strdup.obi) : warning LNK4049: locally defined symbol __strdup imported
OLDNAMES.lib(close.obi) : warning LNK4049: locally defined symbol __close imported
OLDNAMES.lib(write.obi) : warning LNK4049: locally defined symbol __write imported
OLDNAMES.lib(read.obi) : warning LNK4049: locally defined symbol __read imported
OLDNAMES.lib(strnicmp.obi) : warning LNK4049: locally defined symbol __strnicmp imported
twitcurl.lib(oauthlib.obj) : error LNK2019: unresolved external symbol __imp__srand referenced in function "private: void __thiscall oAuth::generateNonceTimeStamp(void)" (?generateNonceTimeStamp@oAuth@@AAEXXZ)
twitcurl.lib(oauthlib.obj) : error LNK2019: unresolved external symbol __imp__rand referenced in function "private: void __thiscall oAuth::generateNonceTimeStamp(void)" (?generateNonceTimeStamp@oAuth@@AAEXXZ)
twitcurl.lib(tftp.obj) : error LNK2001: unresolved external symbol __imp___time64
twitcurl.lib(ftp.obj) : error LNK2001: unresolved external symbol __imp___time64
twitcurl.lib(http.obj) : error LNK2001: unresolved external symbol __imp___time64
twitcurl.lib(oauthlib.obj) : error LNK2001: unresolved external symbol __imp___time64
twitcurl.lib(curl_rand.obj) : error LNK2001: unresolved external symbol __imp___time64
twitcurl.lib(hostip.obj) : error LNK2001: unresolved external symbol __imp___time64
twitcurl.lib(cookie.obj) : error LNK2001: unresolved external symbol __imp___time64
twitcurl.lib(formdata.obj) : error LNK2001: unresolved external symbol __imp__fopen
twitcurl.lib(SHA1.obj) : error LNK2001: unresolved external symbol __imp__fopen
twitcurl.lib(cookie.obj) : error LNK2001: unresolved external symbol __imp__fopen
twitcurl.lib(ssluse.obj) : error LNK2001: unresolved external symbol __imp__fopen
twitcurl.lib(netrc.obj) : error LNK2001: unresolved external symbol __imp__fopen
twitcurl.lib(SHA1.obj) : error LNK2019: unresolved external symbol __imp__fread referenced in function "public: bool __thiscall CSHA1::HashFile(char *)" (?HashFile@CSHA1@@QAE_NPAD@Z)
twitcurl.lib(url.obj) : error LNK2001: unresolved external symbol __imp__fread
twitcurl.lib(transfer.obj) : error LNK2001: unresolved external symbol __imp__fread
twitcurl.lib(formdata.obj) : error LNK2001: unresolved external symbol __imp__fread
twitcurl.lib(socks.obj) : error LNK2019: unresolved external symbol __imp__sscanf referenced in function _Curl_SOCKS5
twitcurl.lib(http_proxy.obj) : error LNK2001: unresolved external symbol __imp__sscanf
twitcurl.lib(transfer.obj) : error LNK2001: unresolved external symbol __imp__sscanf
twitcurl.lib(parsedate.obj) : error LNK2001: unresolved external symbol __imp__sscanf
twitcurl.lib(imap.obj) : error LNK2001: unresolved external symbol __imp__sscanf
twitcurl.lib(telnet.obj) : error LNK2001: unresolved external symbol __imp__sscanf
twitcurl.lib(ftp.obj) : error LNK2001: unresolved external symbol __imp__sscanf
twitcurl.lib(http.obj) : error LNK2001: unresolved external symbol __imp__sscanf
twitcurl.lib(hostip.obj) : error LNK2001: unresolved external symbol __imp__sscanf
twitcurl.lib(url.obj) : error LNK2001: unresolved external symbol __imp__sscanf
twitcurl.lib(cookie.obj) : error LNK2001: unresolved external symbol __imp__sscanf
twitcurl.lib(rtsp.obj) : error LNK2001: unresolved external symbol __imp__sscanf
twitcurl.lib(url.obj) : error LNK2019: unresolved external symbol __imp____iob_func referenced in function _Curl_init_userdefined
twitcurl.lib(cookie.obj) : error LNK2001: unresolved external symbol __imp____iob_func
twitcurl.lib(mprintf.obj) : error LNK2001: unresolved external symbol __imp____iob_func
twitcurl.lib(formdata.obj) : error LNK2001: unresolved external symbol __imp____iob_func
twitcurl.lib(netrc.obj) : error LNK2001: unresolved external symbol __imp__strncpy
twitcurl.lib(url.obj) : error LNK2001: unresolved external symbol __imp__strncpy
twitcurl.lib(strerror.obj) : error LNK2001: unresolved external symbol __imp__strncpy
twitcurl.lib(telnet.obj) : error LNK2001: unresolved external symbol __imp__strncpy
twitcurl.lib(ftp.obj) : error LNK2001: unresolved external symbol __imp__strncpy
twitcurl.lib(transfer.obj) : error LNK2001: unresolved external symbol __imp__strstr
twitcurl.lib(curl_sasl.obj) : error LNK2001: unresolved external symbol __imp__strstr
twitcurl.lib(ftplistparser.obj) : error LNK2001: unresolved external symbol __imp__strstr
twitcurl.lib(url.obj) : error LNK2001: unresolved external symbol __imp__strstr
twitcurl.lib(tftp.obj) : error LNK2001: unresolved external symbol __imp__strstr
twitcurl.lib(ftp.obj) : error LNK2001: unresolved external symbol __imp__strstr
twitcurl.lib(http.obj) : error LNK2001: unresolved external symbol __imp__strstr
twitcurl.lib(ftplistparser.obj) : error LNK2001: unresolved external symbol __imp__strncmp
twitcurl.lib(cookie.obj) : error LNK2001: unresolved external symbol __imp__strncmp
twitcurl.lib(connect.obj) : error LNK2001: unresolved external symbol __imp__strncmp
twitcurl.lib(rtsp.obj) : error LNK2001: unresolved external symbol __imp__strncmp
twitcurl.lib(http.obj) : error LNK2001: unresolved external symbol __imp__strncmp
twitcurl.lib(cookie.obj) : error LNK2019: unresolved external symbol __imp__fgets referenced in function _Curl_cookie_init
twitcurl.lib(netrc.obj) : error LNK2001: unresolved external symbol __imp__fgets
twitcurl.lib(cookie.obj) : error LNK2019: unresolved external symbol __imp__fputs referenced in function _cookie_output
twitcurl.lib(curl_threads.obj) : error LNK2019: unresolved external symbol __imp___beginthreadex referenced in function _Curl_thread_create
twitcurl.lib(strerror.obj) : error LNK2019: unresolved external symbol __imp__strerror referenced in function _Curl_strerror
twitcurl.lib(strerror.obj) : error LNK2019: unresolved external symbol __imp____sys_nerr referenced in function _Curl_strerror
twitcurl.lib(file.obj) : error LNK2019: unresolved external symbol __imp__close referenced in function _file_done
OLDNAMES.lib(close.obi) : error LNK2001: unresolved external symbol __imp__close
twitcurl.lib(file.obj) : error LNK2019: unresolved external symbol __imp__write referenced in function _file_upload
OLDNAMES.lib(write.obi) : error LNK2001: unresolved external symbol __imp__write
twitcurl.lib(file.obj) : error LNK2019: unresolved external symbol __imp___fstat64 referenced in function _file_upload
twitcurl.lib(file.obj) : error LNK2019: unresolved external symbol __imp__open referenced in function _file_upload
OLDNAMES.lib(open.obi) : error LNK2001: unresolved external symbol __imp__open
twitcurl.lib(file.obj) : error LNK2019: unresolved external symbol __imp__read referenced in function _file_do
OLDNAMES.lib(read.obi) : error LNK2001: unresolved external symbol __imp__read
twitcurl.lib(strequal.obj) : error LNK2019: unresolved external symbol __imp__stricmp referenced in function _curl_strequal
OLDNAMES.lib(stricmp.obi) : error LNK2001: unresolved external symbol __imp__stricmp
twitcurl.lib(strequal.obj) : error LNK2019: unresolved external symbol __imp__strnicmp referenced in function _curl_strnequal
OLDNAMES.lib(strnicmp.obi) : error LNK2001: unresolved external symbol __imp__strnicmp
twitcurl.lib(parsedate.obj) : error LNK2019: unresolved external symbol __imp___gmtime64 referenced in function _gmtime
twitcurl.lib(formdata.obj) : error LNK2019: unresolved external symbol __imp___stat64 referenced in function _AddFormData
OLDNAMES.lib(open.obi) : error LNK2001: unresolved external symbol __imp___open
OLDNAMES.lib(stricmp.obi) : error LNK2001: unresolved external symbol __imp___stricmp
MSVCRT.lib(_chandler4gs_.obj) : error LNK2019: unresolved external symbol __except_handler4_common referenced in function __except_handler4
D:\Skola\FuckMe\TwitterCurl\Debug\TwitterCurl.exe : fatal error LNK1120: 27 unresolved externals
